0 info it worked if it ends with ok
1 verbose cli [ '/usr/local/bin/node',
1 verbose cli   '/usr/local/bin/npm',
1 verbose cli   'install',
1 verbose cli   'gitbook-cli',
1 verbose cli   '-g' ]
2 info using npm@1.4.28
3 info using node@v0.10.37
4 verbose cache add [ 'gitbook-cli', null ]
5 verbose cache add name=undefined spec="gitbook-cli" args=["gitbook-cli",null]
6 verbose parsed url { protocol: null,
6 verbose parsed url   slashes: null,
6 verbose parsed url   auth: null,
6 verbose parsed url   host: null,
6 verbose parsed url   port: null,
6 verbose parsed url   hostname: null,
6 verbose parsed url   hash: null,
6 verbose parsed url   search: null,
6 verbose parsed url   query: null,
6 verbose parsed url   pathname: 'gitbook-cli',
6 verbose parsed url   path: 'gitbook-cli',
6 verbose parsed url   href: 'gitbook-cli' }
7 silly lockFile bdc2bae0-gitbook-cli gitbook-cli
8 verbose lock gitbook-cli /home/lglove/.npm/bdc2bae0-gitbook-cli.lock
9 silly lockFile bdc2bae0-gitbook-cli gitbook-cli
10 silly lockFile bdc2bae0-gitbook-cli gitbook-cli
11 verbose addNamed [ 'gitbook-cli', '' ]
12 verbose addNamed [ null, '*' ]
13 silly lockFile 3f216d15-gitbook-cli gitbook-cli@
14 verbose lock gitbook-cli@ /home/lglove/.npm/3f216d15-gitbook-cli.lock
15 silly addNameRange { name: 'gitbook-cli', range: '*', hasData: false }
16 verbose request where is /gitbook-cli
17 verbose request registry https://registry.npmjs.org/
18 verbose request id d60ea5d655291a54
19 verbose url raw /gitbook-cli
20 verbose url resolving [ 'https://registry.npmjs.org/', './gitbook-cli' ]
21 verbose url resolved https://registry.npmjs.org/gitbook-cli
22 verbose request where is https://registry.npmjs.org/gitbook-cli
23 info trying registry request attempt 1 at 18:14:04
24 verbose etag "3MC5O0B8BMQIIOUI8IL1YNCMM"
25 http GET https://registry.npmjs.org/gitbook-cli
26 http 304 https://registry.npmjs.org/gitbook-cli
27 silly registry.get cb [ 304,
27 silly registry.get   { date: 'Fri, 28 Aug 2015 10:14:04 GMT',
27 silly registry.get     via: '1.1 varnish',
27 silly registry.get     'cache-control': 'max-age=60',
27 silly registry.get     etag: '"3MC5O0B8BMQIIOUI8IL1YNCMM"',
27 silly registry.get     age: '36',
27 silly registry.get     connection: 'keep-alive',
27 silly registry.get     'x-served-by': 'cache-itm7420-ITM',
27 silly registry.get     'x-cache': 'HIT',
27 silly registry.get     'x-cache-hits': '1',
27 silly registry.get     'x-timer': 'S1440756844.890458,VS0,VE0',
27 silly registry.get     vary: 'Accept' } ]
28 verbose etag https://registry.npmjs.org/gitbook-cli from cache
29 silly addNameRange number 2 { name: 'gitbook-cli', range: '*', hasData: true }
30 silly addNameRange versions [ 'gitbook-cli',
30 silly addNameRange   [ '0.1.0', '0.2.0', '0.3.0', '0.3.1', '0.3.2', '0.3.3', '0.3.4' ] ]
31 verbose addNamed [ 'gitbook-cli', '0.3.4' ]
32 verbose addNamed [ '0.3.4', '0.3.4' ]
33 silly lockFile 2d15a1a2-gitbook-cli-0-3-4 gitbook-cli@0.3.4
34 verbose lock gitbook-cli@0.3.4 /home/lglove/.npm/2d15a1a2-gitbook-cli-0-3-4.lock
35 silly lockFile 2d15a1a2-gitbook-cli-0-3-4 gitbook-cli@0.3.4
36 silly lockFile 2d15a1a2-gitbook-cli-0-3-4 gitbook-cli@0.3.4
37 silly lockFile 3f216d15-gitbook-cli gitbook-cli@
38 silly lockFile 3f216d15-gitbook-cli gitbook-cli@
39 silly resolved [ { name: 'gitbook-cli',
39 silly resolved     version: '0.3.4',
39 silly resolved     homepage: 'https://www.gitbook.com',
39 silly resolved     description: 'CLI to generate books using gitbook',
39 silly resolved     main: 'lib/index.js',
39 silly resolved     dependencies:
39 silly resolved      { q: '1.0.1',
39 silly resolved        lodash: '2.4.1',
39 silly resolved        semver: '2.2.1',
39 silly resolved        npmi: '0.1.1',
39 silly resolved        tmp: '0.0.23',
39 silly resolved        commander: '2.6.0',
39 silly resolved        optimist: '0.6.1',
39 silly resolved        'fs-extra': '0.15.0',
39 silly resolved        'bash-color': '0.0.3',
39 silly resolved        npm: '2.4.1',
39 silly resolved        'user-home': '1.1.1' },
39 silly resolved     repository:
39 silly resolved      { type: 'git',
39 silly resolved        url: 'git+https://github.com/GitbookIO/gitbook-cli.git' },
39 silly resolved     author: { name: 'FriendCode Inc.', email: 'contact@gitbook.com' },
39 silly resolved     license: 'Apache 2',
39 silly resolved     bugs: { url: 'https://github.com/GitbookIO/gitbook-cli/issues' },
39 silly resolved     bin: { gitbook: './bin/gitbook.js' },
39 silly resolved     contributors: [ [Object], [Object] ],
39 silly resolved     gitHead: 'a5ed510b6e2059ecbf074456da6c27e3da00d3f7',
39 silly resolved     _id: 'gitbook-cli@0.3.4',
39 silly resolved     scripts: {},
39 silly resolved     _shasum: 'd77581a3da70e7445f069bce4659980b3a40aab5',
39 silly resolved     _from: 'gitbook-cli@',
39 silly resolved     _npmVersion: '2.10.1',
39 silly resolved     _nodeVersion: '0.10.26',
39 silly resolved     _npmUser: { name: 'samypesse', email: 'samypesse@gmail.com' },
39 silly resolved     dist:
39 silly resolved      { shasum: 'd77581a3da70e7445f069bce4659980b3a40aab5',
39 silly resolved        tarball: 'http://registry.npmjs.org/gitbook-cli/-/gitbook-cli-0.3.4.tgz' },
39 silly resolved     maintainers: [ [Object] ],
39 silly resolved     directories: {},
39 silly resolved     _resolved: 'https://registry.npmjs.org/gitbook-cli/-/gitbook-cli-0.3.4.tgz',
39 silly resolved     readme: 'ERROR: No README data found!' } ]
40 info install gitbook-cli@0.3.4 into /usr/local/lib
41 info installOne gitbook-cli@0.3.4
42 verbose lib/node_modules/gitbook-cli unbuild
43 verbose tar unpack /home/lglove/.npm/gitbook-cli/0.3.4/package.tgz
44 silly lockFile 735a383f-cal-lib-node-modules-gitbook-cli tar:///usr/local/lib/node_modules/gitbook-cli
45 verbose lock tar:///usr/local/lib/node_modules/gitbook-cli /home/lglove/.npm/735a383f-cal-lib-node-modules-gitbook-cli.lock
46 silly lockFile fb81fcd5-pm-gitbook-cli-0-3-4-package-tgz tar:///home/lglove/.npm/gitbook-cli/0.3.4/package.tgz
47 verbose lock tar:///home/lglove/.npm/gitbook-cli/0.3.4/package.tgz /home/lglove/.npm/fb81fcd5-pm-gitbook-cli-0-3-4-package-tgz.lock
48 silly gunzTarPerm modes [ '775', '664' ]
49 error Error: EACCES, mkdir '/usr/local/lib/node_modules/gitbook-cli'
49 error  { [Error: EACCES, mkdir '/usr/local/lib/node_modules/gitbook-cli']
49 error   errno: 3,
49 error   code: 'EACCES',
49 error   path: '/usr/local/lib/node_modules/gitbook-cli',
49 error   fstream_type: 'Directory',
49 error   fstream_path: '/usr/local/lib/node_modules/gitbook-cli',
49 error   fstream_class: 'DirWriter',
49 error   fstream_stack:
49 error    [ '/usr/local/lib/node_modules/npm/node_modules/fstream/lib/dir-writer.js:36:23',
49 error      '/usr/local/lib/node_modules/npm/node_modules/mkdirp/index.js:46:53',
49 error      'Object.oncomplete (fs.js:108:15)' ] }
50 error Please try running this command again as root/Administrator.
51 error System Linux 3.13.0-24-generic
52 error command "/usr/local/bin/node" "/usr/local/bin/npm" "install" "gitbook-cli" "-g"
53 error cwd /home/lglove/gitbooks/happy_agile_development_book
54 error node -v v0.10.37
55 error npm -v 1.4.28
56 error path /usr/local/lib/node_modules/gitbook-cli
57 error fstream_path /usr/local/lib/node_modules/gitbook-cli
58 error fstream_type Directory
59 error fstream_class DirWriter
60 error code EACCES
61 error errno 3
62 error stack Error: EACCES, mkdir '/usr/local/lib/node_modules/gitbook-cli'
63 error fstream_stack /usr/local/lib/node_modules/npm/node_modules/fstream/lib/dir-writer.js:36:23
63 error fstream_stack /usr/local/lib/node_modules/npm/node_modules/mkdirp/index.js:46:53
63 error fstream_stack Object.oncomplete (fs.js:108:15)
64 verbose exit [ 3, true ]
